0 info it worked if it ends with ok
1 verbose cli [ '/home/ubuntu/.nvm/v4.4.3/bin/node',
1 verbose cli   '/home/ubuntu/.nvm/v4.4.3/bin/npm',
1 verbose cli   'run',
1 verbose cli   'server' ]
2 info using npm@2.15.1
3 info using node@v4.4.3
4 verbose run-script [ 'preserver', 'server', 'postserver' ]
5 info preserver saasquatch-docs@0.0.1
6 info server saasquatch-docs@0.0.1
7 verbose unsafe-perm in lifecycle true
8 info saasquatch-docs@0.0.1 Failed to exec server script
9 verbose stack Error: saasquatch-docs@0.0.1 server: `gulp production && node ./metalsmith/preview.js`
9 verbose stack Exit status 1
9 verbose stack     at EventEmitter.<anonymous> (/home/ubuntu/.nvm/v4.4.3/lib/node_modules/npm/lib/utils/lifecycle.js:217:16)
9 verbose stack     at emitTwo (events.js:87:13)
9 verbose stack     at EventEmitter.emit (events.js:172:7)
9 verbose stack     at ChildProcess.<anonymous> (/home/ubuntu/.nvm/v4.4.3/lib/node_modules/npm/lib/utils/spawn.js:24:14)
9 verbose stack     at emitTwo (events.js:87:13)
9 verbose stack     at ChildProcess.emit (events.js:172:7)
9 verbose stack     at maybeClose (internal/child_process.js:827:16)
9 verbose stack     at Process.ChildProcess._handle.onexit (internal/child_process.js:211:5)
10 verbose pkgid saasquatch-docs@0.0.1
11 verbose cwd /home/ubuntu/workspace/saasquatch-docs
12 error Linux 4.2.0-c9
13 error argv "/home/ubuntu/.nvm/v4.4.3/bin/node" "/home/ubuntu/.nvm/v4.4.3/bin/npm" "run" "server"
14 error node v4.4.3
15 error npm  v2.15.1
16 error code ELIFECYCLE
17 error saasquatch-docs@0.0.1 server: `gulp production && node ./metalsmith/preview.js`
17 error Exit status 1
18 error Failed at the saasquatch-docs@0.0.1 server script 'gulp production && node ./metalsmith/preview.js'.
18 error This is most likely a problem with the saasquatch-docs package,
18 error not with npm itself.
18 error Tell the author that this fails on your system:
18 error     gulp production && node ./metalsmith/preview.js
18 error You can get information on how to open an issue for this project with:
18 error     npm bugs saasquatch-docs
18 error Or if that isn't available, you can get their info via:
18 error
18 error     npm owner ls saasquatch-docs
18 error There is likely additional logging output above.
19 verbose exit [ 1, true ]
